<?xml version="1.0" encoding="UTF-8" ?>
<testsuite errors="0" failures="0" hostname="gecko10.cs.clemson.edu" name="projectproof.DefinitionTest" tests="3" time="0.098" timestamp="2011-11-21T19:15:52">
  <properties>
    <property name="default.javac.source" value="1.6" />
    <property name="file.encoding.pkg" value="sun.io" />
    <property name="javac.source" value="1.6" />
    <property name="netbeans.system_http_proxy" value="DIRECT" />
    <property name="java.home" value="/usr/lib/jvm/java-6-sun-1.6.0.26/jre" />
    <property name="do.archive+manifest.available+main.class" value="true" />
    <property name="test.src.dir" value="test" />
    <property name="javadoc.version" value="false" />
    <property name="libs.CopyLibs.classpath" value="/home/jmaggio/215/Netbeans/ProjectProof/lib/CopyLibs/org-netbeans-modules-java-j2seproject-copylibstask.jar" />
    <property name="libs.javac-api.src" value="" />
    <property name="libraries.path" value="/home/jmaggio/215/Netbeans/ProjectProof/lib/nblibraries.properties" />
    <property name="java.endorsed.dirs" value="/usr/lib/jvm/java-6-sun-1.6.0.26/jre/lib/endorsed" />
    <property name="libs.junit.maven-pom" value="" />
    <property name="src.dir" value="src" />
    <property name="sun.java2d.noddraw" value="true" />
    <property name="nbplatform.default.harness.dir" value="/usr/share/netbeans/6.8/harness" />
    <property name="debug-args-line" value="-Xdebug" />
    <property name="netbeans.hash.code" value="unique=NBUBU0e8d1c8b4-4d8e-49d9-af67-670f09f2c4bf_77de76d0-4ddf-40f7-8c9b-48d13d5fae8f" />
    <property name="build.sysclasspath" value="ignore" />
    <property name="have.sources" value="true" />
    <property name="includes" value="**" />
    <property name="javac.fork" value="false" />
    <property name="source.encoding" value="UTF-8" />
    <property name="libs.swing-app-framework.javadoc" value="" />
    <property name="sun.os.patch.level" value="unknown" />
    <property name="java.vendor.url" value="http://java.sun.com/" />
    <property name="java.version" value="1.6.0_26" />
    <property name="nb.show.statistics.ui" value="usageStatisticsEnabled" />
    <property name="javac.debug" value="true" />
    <property name="org.openide.major.version" value="IDE/1" />
    <property name="run.classpath" value=":build/classes" />
    <property name="java.vendor.url.bug" value="http://java.sun.com/cgi-bin/bugreport.cgi" />
    <property name="netbeans.autoupdate.variant" value="" />
    <property name="libs.absolutelayout.javadoc" value="" />
    <property name="libs.junit_4.maven-pom" value="" />
    <property name="netbeans.buildnumber" value="100326-unknown-revn" />
    <property name="annotation.processing.run.all.processors" value="true" />
    <property name="manifest.file" value="manifest.mf" />
    <property name="libs.swing-app-framework.maven-pom" value="" />
    <property name="user.name" value="jmaggio" />
    <property name="manifest.available+main.class+mkdist.available" value="true" />
    <property name="empty.dir" value="/home/jmaggio/215/Netbeans/ProjectProof/build/empty" />
    <property name="sun.io.unicode.encoding" value="UnicodeLittle" />
    <property name="sun.jnu.encoding" value="ISO-8859-1" />
    <property name="java.runtime.name" value="Java(TM) SE Runtime Environment" />
    <property name="sun.java2d.pmoffscreen" value="false" />
    <property name="jdk.home" value="/usr/lib/jvm/java-6-sun" />
    <property name="netbeans.autoupdate.version" value="1.23" />
    <property name="org.openide.TopManager" value="org.netbeans.core.NonGui" />
    <property name="netbeans.dirs" value="/usr/share/netbeans/6.8/nb6.8:/usr/share/netbeans/6.8/bin/../ergonomics2:/usr/share/netbeans/6.8/ide12:/usr/share/netbeans/6.8/java3:/usr/share/netbeans/6.8/bin/../xml2:/usr/share/netbeans/6.8/apisupport1:/usr/share/netbeans/6.8/bin/../webcommon1:/usr/share/netbeans/6.8/bin/../websvccommon1:/usr/share/netbeans/6.8/bin/../enterprise6:/usr/share/netbeans/6.8/bin/../mobility8:/usr/share/netbeans/6.8/bin/../profiler3:/usr/share/netbeans/6.8/bin/../ruby2:/usr/share/netbeans/6.8/bin/../python1:/usr/share/netbeans/6.8/bin/../php1:/usr/share/netbeans/6.8/bin/../visualweb2:/usr/share/netbeans/6.8/bin/../soa2:/usr/share/netbeans/6.8/bin/../identity2:/usr/share/netbeans/6.8/bin/../uml6:/usr/share/netbeans/6.8/harness:/usr/share/netbeans/6.8/bin/../cnd3:/usr/share/netbeans/6.8/bin/../dlight2:/usr/share/netbeans/6.8/bin/../groovy2:/usr/share/netbeans/6.8/bin/../extra:/usr/share/netbeans/6.8/bin/../javafx2:/usr/share/netbeans/6.8/bin/../javacard1:" />
    <property name="main.class.available" value="true" />
    <property name="java.specification.name" value="Java Platform API Specification" />
    <property name="javadoc.author" value="false" />
    <property name="ap.proc.none.internal" value="" />
    <property name="user.timezone" value="" />
    <property name="netbeans.system_http_non_proxy_hosts" value="" />
    <property name="manifest.available" value="true" />
    <property name="libs.swing-layout.maven-pom" value="" />
    <property name="libs.junit.javadoc" value="/home/jmaggio/215/Netbeans/ProjectProof/lib/junit/junit-3.8.2-api.zip" />
    <property name="org.openide.specification.version" value="6.2" />
    <property name="path.separator" value=":" />
    <property name="version-output" value="java version &quot;1.6" />
    <property name="libs.absolutelayout.classpath" value="/usr/share/netbeans/6.8/java3/modules/ext/AbsoluteLayout.jar" />
    <property name="file.encoding" value="ISO-8859-1" />
    <property name="dist.javadoc.dir" value="dist/javadoc" />
    <property name="sun.java.command" value="org.apache.tools.ant.taskdefs.optional.junit.JUnitTestRunner projectproof.DefinitionTest filtertrace=true haltOnError=false haltOnFailure=false showoutput=true outputtoformatters=true logtestlistenerevents=true formatter=org.apache.tools.ant.taskdefs.optional.junit.BriefJUnitResultFormatter formatter=org.apache.tools.ant.taskdefs.optional.junit.XMLJUnitResultFormatter,/home/jmaggio/215/Netbeans/ProjectProof/build/test/results/TEST-projectproof.DefinitionTest.xml crashfile=/home/jmaggio/215/Netbeans/ProjectProof/build/junitvmwatcher5101202803321171019.properties propsfile=/home/jmaggio/215/Netbeans/ProjectProof/build/junit5920352871930266260.properties" />
    <property name="https.nonProxyHosts" value="localhost|127.0.0.1|gecko10.cs.clemson.edu" />
    <property name="built-jar.properties" value="/home/jmaggio/215/Netbeans/ProjectProof/build/built-jar.properties" />
    <property name="libs.junit.src" value="" />
    <property name="ant.file" value="/home/jmaggio/215/Netbeans/ProjectProof/build.xml" />
    <property name="libs.junit_4.src" value="/home/jmaggio/215/Netbeans/ProjectProof/lib/junit_4/junit-4.8.2-src.jar" />
    <property name="netbeans.autoupdate.language" value="en" />
    <property name="java.io.tmpdir" value="/tmp" />
    <property name="build.test.results.dir" value="build/test/results" />
    <property name="user.language" value="en" />
    <property name="line.separator" value="
" />
    <property name="apple.laf.useScreenMenuBar" value="true" />
    <property name="libs.absolutelayout.src" value="" />
    <property name="javac.compilerargs" value="" />
    <property name="jar.compress" value="false" />
    <property name="debug-transport-by-os" value="dt_socket" />
    <property name="libs.JWSAntTasks.src" value="" />
    <property name="java.vm.info" value="mixed mode" />
    <property name="libs.javac-api.maven-pom" value="" />
    <property name="javadoc.private" value="false" />
    <property name="annotation.processing.processors.list" value="" />
    <property name="sun.desktop" value="gnome" />
    <property name="java.vm.specification.name" value="Java Virtual Machine Specification" />
    <property name="build.test.classes.dir" value="build/test/classes" />
    <property name="netbeans.dynamic.classpath" value="/usr/share/netbeans/6.8/platform11/core/core.jar:/usr/share/netbeans/6.8/platform11/core/org-openide-filesystems.jar:/usr/share/netbeans/6.8/platform11/core/locale/core_in_ID.jar:/usr/share/netbeans/6.8/platform11/core/locale/core_es.jar:/usr/share/netbeans/6.8/platform11/core/locale/org-openide-filesystems_it.jar:/usr/share/netbeans/6.8/platform11/core/locale/core_zh_CN.jar:/usr/share/netbeans/6.8/platform11/core/locale/core_ja.jar:/usr/share/netbeans/6.8/platform11/core/locale/core_gl_ES.jar:/usr/share/netbeans/6.8/platform11/core/locale/org-openide-filesystems_fr.jar:/usr/share/netbeans/6.8/platform11/core/locale/org-openide-filesystems_ru.jar:/usr/share/netbeans/6.8/platform11/core/locale/core_zh_TW.jar:/usr/share/netbeans/6.8/platform11/core/locale/org-openide-filesystems_ko.jar:/usr/share/netbeans/6.8/platform11/core/locale/org-openide-filesystems_sv.jar:/usr/share/netbeans/6.8/platform11/core/locale/org-openide-filesystems_ar.jar:/usr/share/netbeans/6.8/platform11/core/locale/core_fr.jar:/usr/share/netbeans/6.8/platform11/core/locale/org-openide-filesystems_es.jar:/usr/share/netbeans/6.8/platform11/core/locale/core_pt_BR.jar:/usr/share/netbeans/6.8/platform11/core/locale/org-openide-filesystems_pt_BR.jar:/usr/share/netbeans/6.8/platform11/core/locale/core_nl.jar:/usr/share/netbeans/6.8/platform11/core/locale/org-openide-filesystems_in_ID.jar:/usr/share/netbeans/6.8/platform11/core/locale/core_it.jar:/usr/share/netbeans/6.8/platform11/core/locale/core_ca.jar:/usr/share/netbeans/6.8/platform11/core/locale/org-openide-filesystems_zh_CN.jar:/usr/share/netbeans/6.8/platform11/core/locale/core_de.jar:/usr/share/netbeans/6.8/platform11/core/locale/org-openide-filesystems_ro.jar:/usr/share/netbeans/6.8/platform11/core/locale/core_ro.jar:/usr/share/netbeans/6.8/platform11/core/locale/core_cs.jar:/usr/share/netbeans/6.8/platform11/core/locale/core_sv.jar:/usr/share/netbeans/6.8/platform11/core/locale/core_tr.jar:/usr/share/netbeans/6.8/platform11/core/locale/org-openide-filesystems_tr.jar:/usr/share/netbeans/6.8/platform11/core/locale/org-openide-filesystems_zh_TW.jar:/usr/share/netbeans/6.8/platform11/core/locale/core_ar.jar:/usr/share/netbeans/6.8/platform11/core/locale/org-openide-filesystems_cs.jar:/usr/share/netbeans/6.8/platform11/core/locale/core_ko.jar:/usr/share/netbeans/6.8/platform11/core/locale/org-openide-filesystems_ja.jar:/usr/share/netbeans/6.8/platform11/core/locale/org-openide-filesystems_sq.jar:/usr/share/netbeans/6.8/platform11/core/locale/org-openide-filesystems_nl.jar:/usr/share/netbeans/6.8/platform11/core/locale/org-openide-filesystems_gl_ES.jar:/usr/share/netbeans/6.8/platform11/core/locale/org-openide-filesystems_de.jar:/usr/share/netbeans/6.8/platform11/core/locale/core_ru.jar:/usr/share/netbeans/6.8/platform11/core/locale/org-openide-filesystems_ca.jar:/usr/share/netbeans/6.8/platform11/core/locale/core_sq.jar:/usr/share/netbeans/6.8/nb6.8/core/org-netbeans-upgrader.jar:/usr/share/netbeans/6.8/nb6.8/core/locale/core_nb.jar:/usr/share/netbeans/6.8/nb6.8/core/locale/org-netbeans-upgrader_ca.jar:/usr/share/netbeans/6.8/nb6.8/core/locale/org-netbeans-upgrader_it.jar:/usr/share/netbeans/6.8/nb6.8/core/locale/core_nb_zh_TW.jar:/usr/share/netbeans/6.8/nb6.8/core/locale/core_nb_pt_BR.jar:/usr/share/netbeans/6.8/nb6.8/core/locale/org-netbeans-upgrader_ja.jar:/usr/share/netbeans/6.8/nb6.8/core/locale/org-netbeans-upgrader_zh_TW.jar:/usr/share/netbeans/6.8/nb6.8/core/locale/org-netbeans-upgrader_zh_CN.jar:/usr/share/netbeans/6.8/nb6.8/core/locale/org-netbeans-upgrader_pt_BR.jar:/usr/share/netbeans/6.8/nb6.8/core/locale/org-netbeans-upgrader_ko.jar:/usr/share/netbeans/6.8/nb6.8/core/locale/core_nb_tr.jar:/usr/share/netbeans/6.8/nb6.8/core/locale/core_nb_de.jar:/usr/share/netbeans/6.8/nb6.8/core/locale/core_nb_gl_ES.jar:/usr/share/netbeans/6.8/nb6.8/core/locale/org-netbeans-upgrader_gl_ES.jar:/usr/share/netbeans/6.8/nb6.8/core/locale/core_nb_ja.jar:/usr/share/netbeans/6.8/nb6.8/core/locale/core_nb_fr.jar:/usr/share/netbeans/6.8/nb6.8/core/locale/org-netbeans-upgrader_tr.jar:/usr/share/netbeans/6.8/nb6.8/core/locale/org-netbeans-upgrader_nl.jar:/usr/share/netbeans/6.8/nb6.8/core/locale/core_nb_ca.jar:/usr/share/netbeans/6.8/nb6.8/core/locale/org-netbeans-upgrader_fr.jar:/usr/share/netbeans/6.8/nb6.8/core/locale/core_nb_zh_CN.jar:/usr/share/netbeans/6.8/nb6.8/core/locale/core_nb_it.jar:/usr/share/netbeans/6.8/nb6.8/core/locale/org-netbeans-upgrader_ru.jar:/usr/share/netbeans/6.8/nb6.8/core/locale/core_nb_nl.jar:/usr/share/netbeans/6.8/nb6.8/core/locale/org-netbeans-upgrader_de.jar:/usr/share/netbeans/6.8/nb6.8/core/locale/core_nb_es.jar:/usr/share/netbeans/6.8/nb6.8/core/locale/org-netbeans-upgrader_sv.jar:/usr/share/netbeans/6.8/nb6.8/core/locale/core_nb_ru.jar:/usr/share/netbeans/6.8/nb6.8/core/locale/core_nb_ko.jar:/usr/share/netbeans/6.8/nb6.8/core/locale/core_nb_sv.jar:/usr/share/netbeans/6.8/nb6.8/core/locale/org-netbeans-upgrader_es.jar" />
    <property name="manifest.available+main.class" value="true" />
    <property name="libs.beans-binding.javadoc" value="" />
    <property name="platform.active" value="default_platform" />
    <property name="ap.cmd.line.internal" value="" />
    <property name="javac.includes.binary" value="/home/jmaggio/215/Netbeans/ProjectProof/build/test/classes/projectproof/DefinitionTest.class" />
    <property name="jdkBug6558476" value="false" />
    <property name="http.nonProxyHosts" value="localhost|127.0.0.1|gecko10.cs.clemson.edu" />
    <property name="libs.junit_4.javadoc" value="/home/jmaggio/215/Netbeans/ProjectProof/lib/junit_4/junit-4.8.2-api.zip" />
    <property name="javac.includes" value="projectproof/DefinitionTest.java" />
    <property name="netbeans.autoupdate.country" value="US" />
    <property name="libs.beans-binding.maven-pom" value="" />
    <property name="do.mkdist" value="true" />
    <property name="javadoc.encoding" value="UTF-8" />
    <property name="java.awt.printerjob" value="sun.print.PSPrinterJob" />
    <property name="ap.processors.internal" value="" />
    <property name="do.archive" value="true" />
    <property name="dist.jar" value="dist/ProjectProof.jar" />
    <property name="meta.inf.dir" value="src/META-INF" />
    <property name="ant.version" value="Apache Ant version 1.7.1 compiled on September 8 2010" />
    <property name="netbeans.home" value="/usr/share/netbeans/6.8/platform11" />
    <property name="javadoc.nonavbar" value="false" />
    <property name="user.properties.file" value="/home/jmaggio/.netbeans/6.8/build.properties" />
    <property name="libs.JWSAntTasks.classpath" value="/usr/share/netbeans/6.8/java3/ant/extra/org-netbeans-modules-javawebstart-anttasks.jar" />
    <property name="netbeans.importclass" value="org.netbeans.upgrade.AutoUpgrade" />
    <property name="annotation.processing.source.output" value="build/generated-sources/ap-source-output" />
    <property name="libs.CopyLibs.maven-pom" value="" />
    <property name="useJavaUtilZip" value="true" />
    <property name="build.generated.dir" value="build/generated" />
    <property name="netbeans.home+have.tests" value="true" />
    <property name="os.name" value="Linux" />
    <property name="java.specification.vendor" value="Sun Microsystems Inc." />
    <property name="run.test.classpath" value=":build/classes:/home/jmaggio/215/Netbeans/ProjectProof/lib/junit_4/junit-4.8.2.jar:build/test/classes" />
    <property name="do.archive+main.class.available" value="true" />
    <property name="java.vm.name" value="Java HotSpot(TM) 64-Bit Server VM" />
    <property name="libs.CopyLibs.src" value="" />
    <property name="manifest.available-mkdist.available" value="true" />
    <property name="org.openide.version" value="deprecated" />
    <property name="libs.junit.classpath" value="/home/jmaggio/215/Netbeans/ProjectProof/lib/junit/junit-3.8.2.jar" />
    <property name="libs.beans-binding.src" value="" />
    <property name="ap.supported.internal" value="true" />
    <property name="java.library.path" value="/usr/lib/jvm/java-6-sun-1.6.0.26/jre/lib/amd64/server:/usr/lib/jvm/java-6-sun-1.6.0.26/jre/lib/amd64:/usr/lib/jvm/java-6-sun-1.6.0.26/jre/../lib/amd64:/usr/java/packages/lib/amd64:/usr/lib64:/lib64:/lib:/usr/lib" />
    <property name="ant.java.version" value="1.6" />
    <property name="basedir" value="/home/jmaggio/215/Netbeans/ProjectProof" />
    <property name="javadoc.noindex" value="false" />
    <property name="java.class.version" value="50.0" />
    <property name="sun.awt.exception.handler" value="org.netbeans.core.startup.TopLogging$AWTHandler" />
    <property name="javac.test.classpath" value=":build/classes:/home/jmaggio/215/Netbeans/ProjectProof/lib/junit_4/junit-4.8.2.jar" />
    <property name="javac.processorpath" value="" />
    <property name="ant.home" value="/usr/share/netbeans/6.8/java3/ant" />
    <property name="javadoc.splitindex" value="true" />
    <property name="javac.test.processorpath" value=":build/classes:/home/jmaggio/215/Netbeans/ProjectProof/lib/junit_4/junit-4.8.2.jar" />
    <property name="libs.javac-api.javadoc" value="" />
    <property name="javadoc.preview" value="true" />
    <property name="libs.CopyLibs.javadoc" value="" />
    <property name="junit.forkmode" value="perTest" />
    <property name="libs.junit_4.classpath" value="/home/jmaggio/215/Netbeans/ProjectProof/lib/junit_4/junit-4.8.2.jar" />
    <property name="build.dir" value="build" />
    <property name="sun.boot.library.path" value="/usr/lib/jvm/java-6-sun-1.6.0.26/jre/lib/amd64" />
    <property name="libs.swing-app-framework.classpath" value="/usr/share/netbeans/6.8/java3/modules/ext/appframework-1.0.3.jar:/usr/share/netbeans/6.8/java3/modules/ext/swing-worker-1.1.jar" />
    <property name="sun.management.compiler" value="HotSpot 64-Bit Tiered Compilers" />
    <property name="java.awt.graphicsenv" value="sun.awt.X11GraphicsEnvironment" />
    <property name="javadoc.encoding.used" value="UTF-8" />
    <property name="libraries.dir.nativedirsep" value="/home/jmaggio/215/Netbeans/ProjectProof/lib" />
    <property name="javadoc.windowtitle" value="" />
    <property name="annotation.processing.enabled" value="true" />
    <property name="run.jvmargs" value="" />
    <property name="build.generated.sources.dir" value="build/generated-sources" />
    <property name="ant.file.ProjectProof-impl" value="/home/jmaggio/215/Netbeans/ProjectProof/nbproject/build-impl.xml" />
    <property name="build.compiler.emacs" value="true" />
    <property name="ant.project.name" value="ProjectProof" />
    <property name="libs.swing-layout.classpath" value="/usr/share/netbeans/6.8/platform11/modules/ext/swing-layout-1.0.4.jar" />
    <property name="java.vm.specification.version" value="1.0" />
    <property name="work.dir" value="/home/jmaggio/215/Netbeans/ProjectProof" />
    <property name="manifest.available+main.class-mkdist.available" value="true" />
    <property name="javadoc.use" value="true" />
    <property name="sun.cpu.isalist" value="" />
    <property name="java.ext.dirs" value="/usr/lib/jvm/java-6-sun-1.6.0.26/jre/lib/ext:/usr/java/packages/lib/ext" />
    <property name="ant.file.ProjectProof" value="/home/jmaggio/215/Netbeans/ProjectProof/build.xml" />
    <property name="os.version" value="2.6.32-35-generic" />
    <property name="excludes" value="" />
    <property name="user.home" value="/home/jmaggio" />
    <property name="libraries.basename" value="nblibraries" />
    <property name="org.xml.sax.driver" value="com.sun.org.apache.xerces.internal.jaxp.SAXParserImpl$JAXPSAXParser" />
    <property name="java.vm.vendor" value="Sun Microsystems Inc." />
    <property name="libs.absolutelayout.maven-pom" value="" />
    <property name="user.dir" value="/home/jmaggio/215/Netbeans/ProjectProof" />
    <property name="org.openide.TopManager.GUI" value="true" />
    <property name="debug-transport" value="dt_socket" />
    <property name="application.args" value="" />
    <property name="javac.includesfile.binary" value="/home/jmaggio/215/Netbeans/ProjectProof/null135966064" />
    <property name="sun.cpu.endian" value="little" />
    <property name="endorsed.classpath.cmd.line.arg" value="-Xbootclasspath/p:&apos;/home/jmaggio/215/Netbeans/ProjectProof/${endorsed.classpath}&apos;" />
    <property name="jar.index" value="false" />
    <property name="libraries.dir" value="/home/jmaggio/215/Netbeans/ProjectProof/lib" />
    <property name="java.vm.version" value="20.1-b02" />
    <property name="annotation.processing.processor.options" value="" />
    <property name="java.class.path" value="/home/jmaggio/215/Netbeans/ProjectProof/build/classes:/home/jmaggio/215/Netbeans/ProjectProof/lib/junit_4/junit-4.8.2.jar:/home/jmaggio/215/Netbeans/ProjectProof/build/test/classes:/usr/share/netbeans/6.8/java3/ant/lib/junit.jar:/usr/share/netbeans/6.8/java3/ant/lib/ant-launcher.jar:/usr/share/netbeans/6.8/java3/ant/lib/ant.jar:/usr/share/netbeans/6.8/java3/ant/lib/ant-junit.jar" />
    <property name="os.arch" value="amd64" />
    <property name="javac.deprecation" value="false" />
    <property name="nbplatform.default.netbeans.dest.dir" value="/usr/share/netbeans/6.8" />
    <property name="build.classes.excludes" value="**/*.java,**/*.form" />
    <property name="dist.dir" value="dist" />
    <property name="netbeans.user" value="/home/jmaggio/.netbeans/6.8" />
    <property name="debug.classpath" value=":build/classes" />
    <property name="sun.java.launcher" value="SUN_STANDARD" />
    <property name="jar.index.metainf" value="false" />
    <property name="annotation.processing.enabled.in.editor" value="false" />
    <property name="ant.core.lib" value="/usr/share/netbeans/6.8/java3/ant/lib/ant.jar" />
    <property name="java.vm.specification.vendor" value="Sun Microsystems Inc." />
    <property name="do.depend" value="false" />
    <property name="file.separator" value="/" />
    <property name="java.runtime.version" value="1.6.0_26-b03" />
    <property name="sun.boot.class.path" value="/home/jmaggio/215/Netbeans/ProjectProof/${endorsed.classpath}:/usr/lib/jvm/java-6-sun-1.6.0.26/jre/lib/resources.jar:/usr/lib/jvm/java-6-sun-1.6.0.26/jre/lib/rt.jar:/usr/lib/jvm/java-6-sun-1.6.0.26/jre/lib/sunrsasign.jar:/usr/lib/jvm/java-6-sun-1.6.0.26/jre/lib/jsse.jar:/usr/lib/jvm/java-6-sun-1.6.0.26/jre/lib/jce.jar:/usr/lib/jvm/java-6-sun-1.6.0.26/jre/lib/charsets.jar:/usr/lib/jvm/java-6-sun-1.6.0.26/jre/lib/modules/jdk.boot.jar:/usr/lib/jvm/java-6-sun-1.6.0.26/jre/classes" />
    <property name="debug.test.classpath" value=":build/classes:/home/jmaggio/215/Netbeans/ProjectProof/lib/junit_4/junit-4.8.2.jar:build/test/classes" />
    <property name="libs.beans-binding.classpath" value="/usr/share/netbeans/6.8/java3/modules/ext/beansbinding-1.2.1.jar" />
    <property name="main.class" value="projectproof.ProjectProof" />
    <property name="have.tests" value="true" />
    <property name="test.includes" value="projectproof/DefinitionTest.java" />
    <property name="libs.JWSAntTasks.maven-pom" value="" />
    <property name="java.util.logging.config.class" value="org.netbeans.core.startup.TopLogging" />
    <property name="libs.javac-api.classpath" value="/usr/share/netbeans/6.8/java3/modules/ext/javac-api-nb-7.0-b07.jar" />
    <property name="user.country" value="US" />
    <property name="javadoc.notree" value="false" />
    <property name="javadoc.additionalparam" value="" />
    <property name="default.javac.target" value="1.6" />
    <property name="javac.classpath" value="" />
    <property name="build.classes.dir" value="build/classes" />
    <property name="do.archive+manifest.available" value="true" />
    <property name="libs.swing-layout.javadoc" value="" />
    <property name="libs.swing-layout.src" value="" />
    <property name="java.vendor" value="Sun Microsystems Inc." />
    <property name="javac.target" value="1.6" />
    <property name="runtime.encoding" value="UTF-8" />
    <property name="libs.swing-app-framework.src" value="" />
    <property name="java.specification.version" value="1.6" />
    <property name="libs.JWSAntTasks.javadoc" value="" />
    <property name="mkdist.disabled" value="false" />
    <property name="sun.arch.data.model" value="64" />
  </properties>
  <testcase classname="projectproof.DefinitionTest" name="testGetName" time="0.0060" />
  <testcase classname="projectproof.DefinitionTest" name="testGetArgs" time="0.0" />
  <testcase classname="projectproof.DefinitionTest" name="testToString" time="0.0010" />
  <system-out><![CDATA[getName
getArgs
toString
]]></system-out>
  <system-err><![CDATA[]]></system-err>
</testsuite>
